app/build/intermediates/manifest_merge_blame_file/debug/processDebugMainManifest/manifest-merger-blame-debug-report.txt
1<?xml version="1.0" encoding="utf-8"?>
2<manifest xmlns:android="http://schemas.android.com/apk/res/android"
3    package="com.example.skinsync"
4    android:versionCode="1"
5    android:versionName="1.0" >
6
7    <uses-sdk
8        android:minSdkVersion="24"
9        android:targetSdkVersion="34" />
10
11    <permission
11-->[androidx.core:core:1.13.1] AndroidManifest.xml:22:5-24:47
12        android:name="com.example.skinsync.DYNAMIC_RECEIVER_NOT_EXPORTED_PERMISSION"
12-->[androidx.core:core:1.13.1] AndroidManifest.xml:23:9-81
13        android:protectionLevel="signature" />
13-->[androidx.core:core:1.13.1] AndroidManifest.xml:24:9-44
14
15    <uses-permission android:name="com.example.skinsync.DYNAMIC_RECEIVER_NOT_EXPORTED_PERMISSION" />
15-->[androidx.core:core:1.13.1] AndroidManifest.xml:26:5-97
15-->[androidx.core:core:1.13.1] AndroidManifest.xml:26:22-94
16
17    <application
17-->src\main\AndroidManifest.xml:5:5-84:19
18        android:allowBackup="true"
18-->src\main\AndroidManifest.xml:6:9-35
19        android:appComponentFactory="androidx.core.app.CoreComponentFactory"
19-->[androidx.core:core:1.13.1] AndroidManifest.xml:28:18-86
20        android:dataExtractionRules="@xml/data_extraction_rules"
20-->src\main\AndroidManifest.xml:7:9-65
21        android:debuggable="true"
22        android:extractNativeLibs="false"
23        android:fullBackupContent="@xml/backup_rules"
23-->src\main\AndroidManifest.xml:8:9-54
24        android:icon="@mipmap/ic_launcher"
24-->src\main\AndroidManifest.xml:9:9-43
25        android:label="@string/app_name"
25-->src\main\AndroidManifest.xml:10:9-41
26        android:roundIcon="@mipmap/ic_launcher_round"
26-->src\main\AndroidManifest.xml:11:9-54
27        android:supportsRtl="true"
27-->src\main\AndroidManifest.xml:12:9-35
28        android:theme="@style/Theme.SkinSync" >
28-->src\main\AndroidManifest.xml:13:9-46
29        <activity
29-->src\main\AndroidManifest.xml:15:9-24:20
30            android:name="com.example.skinsync.activity.users.scheduling.night.NightSchedulingActivity"
30-->src\main\AndroidManifest.xml:16:13-84
31            android:exported="true" >
31-->src\main\AndroidManifest.xml:17:13-36
32            <intent-filter>
32-->src\main\AndroidManifest.xml:19:13-23:29
33                <action android:name="android.intent.action.MAIN" />
33-->src\main\AndroidManifest.xml:20:17-69
33-->src\main\AndroidManifest.xml:20:25-66
34
35                <category android:name="android.intent.category.LAUNCHER" />
35-->src\main\AndroidManifest.xml:22:17-77
35-->src\main\AndroidManifest.xml:22:27-74
36            </intent-filter>
37        </activity>
38        <activity
38-->src\main\AndroidManifest.xml:25:9-28:20
39            android:name="com.example.skinsync.activity.users.scheduling.morning.MorningSchedulingActivity"
39-->src\main\AndroidManifest.xml:26:13-88
40            android:exported="false" >
40-->src\main\AndroidManifest.xml:27:13-37
41        </activity>
42        <activity
42-->src\main\AndroidManifest.xml:29:9-31:40
43            android:name="com.example.skinsync.activity.admin.ProductAdminActivity"
43-->src\main\AndroidManifest.xml:30:13-64
44            android:exported="false" />
44-->src\main\AndroidManifest.xml:31:13-37
45        <activity
45-->src\main\AndroidManifest.xml:32:9-36:20
46            android:name="com.example.skinsync.activity.admin.DetailArticleActivity"
46-->src\main\AndroidManifest.xml:33:13-65
47            android:exported="false" >
47-->src\main\AndroidManifest.xml:34:13-37
48        </activity>
49        <activity
49-->src\main\AndroidManifest.xml:37:9-41:20
50            android:name="com.example.skinsync.activity.users.scan.result.ResultActivity"
50-->src\main\AndroidManifest.xml:38:13-70
51            android:exported="false" >
51-->src\main\AndroidManifest.xml:39:13-37
52        </activity>
53        <activity
53-->src\main\AndroidManifest.xml:42:9-44:40
54            android:name="com.example.skinsync.activity.users.scan.ScanActivity"
54-->src\main\AndroidManifest.xml:43:13-61
55            android:exported="false" />
55-->src\main\AndroidManifest.xml:44:13-37
56        <activity
56-->src\main\AndroidManifest.xml:45:9-47:39
57            android:name="com.example.skinsync.activity.admin.CreateArticleActivity"
57-->src\main\AndroidManifest.xml:46:13-65
58            android:exported="true" />
58-->src\main\AndroidManifest.xml:47:13-36
59        <activity
59-->src\main\AndroidManifest.xml:48:9-50:40
60            android:name="com.example.skinsync.activity.admin.ArticleAdminActivity"
60-->src\main\AndroidManifest.xml:49:13-64
61            android:exported="false" />
61-->src\main\AndroidManifest.xml:50:13-37
62        <activity
62-->src\main\AndroidManifest.xml:51:9-53:40
63            android:name="com.example.skinsync.activity.users.profile.edit.EditProfileActivity"
63-->src\main\AndroidManifest.xml:52:13-76
64            android:exported="false" />
64-->src\main\AndroidManifest.xml:53:13-37
65        <activity
65-->src\main\AndroidManifest.xml:54:9-56:40
66            android:name="com.example.skinsync.activity.users.profile.ProfileActivity"
66-->src\main\AndroidManifest.xml:55:13-67
67            android:exported="false" />
67-->src\main\AndroidManifest.xml:56:13-37
68        <activity
68-->src\main\AndroidManifest.xml:57:9-59:40
69            android:name="com.example.skinsync.activity.admin.DashboardActivity"
69-->src\main\AndroidManifest.xml:58:13-61
70            android:exported="false" />
70-->src\main\AndroidManifest.xml:59:13-37
71        <activity
71-->src\main\AndroidManifest.xml:60:9-70:20
72            android:name="com.example.skinsync.activity.users.welcome.WelcomeActivity"
72-->src\main\AndroidManifest.xml:61:13-67
73            android:exported="true" >
73-->src\main\AndroidManifest.xml:62:13-36
74
75            <!-- <intent-filter> -->
76            <!-- <action android:name="android.intent.action.MAIN" /> -->
77
78
79            <!-- <category android:name="android.intent.category.LAUNCHER" /> -->
80            <!-- </intent-filter> -->
81        </activity>
82        <activity
82-->src\main\AndroidManifest.xml:71:9-73:40
83            android:name="com.example.skinsync.activity.users.LoginActivity"
83-->src\main\AndroidManifest.xml:72:13-57
84            android:exported="false" />
84-->src\main\AndroidManifest.xml:73:13-37
85        <activity
85-->src\main\AndroidManifest.xml:74:9-76:40
86            android:name="com.example.skinsync.activity.users.RegisterActivity"
86-->src\main\AndroidManifest.xml:75:13-60
87            android:exported="false" />
87-->src\main\AndroidManifest.xml:76:13-37
88        <activity
88-->src\main\AndroidManifest.xml:77:9-79:39
89            android:name="com.example.skinsync.activity.MainActivity"
89-->src\main\AndroidManifest.xml:78:13-50
90            android:exported="true" />
90-->src\main\AndroidManifest.xml:79:13-36
91
92        <meta-data
92-->src\main\AndroidManifest.xml:81:9-83:57
93            android:name="preloaded_fonts"
93-->src\main\AndroidManifest.xml:82:13-43
94            android:resource="@array/preloaded_fonts" />
94-->src\main\AndroidManifest.xml:83:13-54
95
96        <provider
96-->[androidx.emoji2:emoji2:1.2.0] AndroidManifest.xml:24:9-32:20
97            android:name="androidx.startup.InitializationProvider"
97-->[androidx.emoji2:emoji2:1.2.0] AndroidManifest.xml:25:13-67
98            android:authorities="com.example.skinsync.androidx-startup"
98-->[androidx.emoji2:emoji2:1.2.0] AndroidManifest.xml:26:13-68
99            android:exported="false" >
99-->[androidx.emoji2:emoji2:1.2.0] AndroidManifest.xml:27:13-37
100            <meta-data
100-->[androidx.emoji2:emoji2:1.2.0] AndroidManifest.xml:29:13-31:52
101                android:name="androidx.emoji2.text.EmojiCompatInitializer"
101-->[androidx.emoji2:emoji2:1.2.0] AndroidManifest.xml:30:17-75
102                android:value="androidx.startup" />
102-->[androidx.emoji2:emoji2:1.2.0] AndroidManifest.xml:31:17-49
103            <meta-data
103-->[androidx.lifecycle:lifecycle-process:2.6.2] AndroidManifest.xml:29:13-31:52
104                android:name="androidx.lifecycle.ProcessLifecycleInitializer"
104-->[androidx.lifecycle:lifecycle-process:2.6.2] AndroidManifest.xml:30:17-78
105                android:value="androidx.startup" />
105-->[androidx.lifecycle:lifecycle-process:2.6.2] AndroidManifest.xml:31:17-49
106            <meta-data
106-->[androidx.profileinstaller:profileinstaller:1.3.0] AndroidManifest.xml:29:13-31:52
107                android:name="androidx.profileinstaller.ProfileInstallerInitializer"
107-->[androidx.profileinstaller:profileinstaller:1.3.0] AndroidManifest.xml:30:17-85
108                android:value="androidx.startup" />
108-->[androidx.profileinstaller:profileinstaller:1.3.0] AndroidManifest.xml:31:17-49
109        </provider>
110
111        <receiver
111-->[androidx.profileinstaller:profileinstaller:1.3.0] AndroidManifest.xml:34:9-52:20
112            android:name="androidx.profileinstaller.ProfileInstallReceiver"
112-->[androidx.profileinstaller:profileinstaller:1.3.0] AndroidManifest.xml:35:13-76
113            android:directBootAware="false"
113-->[androidx.profileinstaller:profileinstaller:1.3.0] AndroidManifest.xml:36:13-44
114            android:enabled="true"
114-->[androidx.profileinstaller:profileinstaller:1.3.0] AndroidManifest.xml:37:13-35
115            android:exported="true"
115-->[androidx.profileinstaller:profileinstaller:1.3.0] AndroidManifest.xml:38:13-36
116            android:permission="android.permission.DUMP" >
116-->[androidx.profileinstaller:profileinstaller:1.3.0] AndroidManifest.xml:39:13-57
117            <intent-filter>
117-->[androidx.profileinstaller:profileinstaller:1.3.0] AndroidManifest.xml:40:13-42:29
118                <action android:name="androidx.profileinstaller.action.INSTALL_PROFILE" />
118-->[androidx.profileinstaller:profileinstaller:1.3.0] AndroidManifest.xml:41:17-91
118-->[androidx.profileinstaller:profileinstaller:1.3.0] AndroidManifest.xml:41:25-88
119            </intent-filter>
120            <intent-filter>
120-->[androidx.profileinstaller:profileinstaller:1.3.0] AndroidManifest.xml:43:13-45:29
121                <action android:name="androidx.profileinstaller.action.SKIP_FILE" />
121-->[androidx.profileinstaller:profileinstaller:1.3.0] AndroidManifest.xml:44:17-85
121-->[androidx.profileinstaller:profileinstaller:1.3.0] AndroidManifest.xml:44:25-82
122            </intent-filter>
123            <intent-filter>
123-->[androidx.profileinstaller:profileinstaller:1.3.0] AndroidManifest.xml:46:13-48:29
124                <action android:name="androidx.profileinstaller.action.SAVE_PROFILE" />
124-->[androidx.profileinstaller:profileinstaller:1.3.0] AndroidManifest.xml:47:17-88
124-->[androidx.profileinstaller:profileinstaller:1.3.0] AndroidManifest.xml:47:25-85
125            </intent-filter>
126            <intent-filter>
126-->[androidx.profileinstaller:profileinstaller:1.3.0] AndroidManifest.xml:49:13-51:29
127                <action android:name="androidx.profileinstaller.action.BENCHMARK_OPERATION" />
127-->[androidx.profileinstaller:profileinstaller:1.3.0] AndroidManifest.xml:50:17-95
127-->[androidx.profileinstaller:profileinstaller:1.3.0] AndroidManifest.xml:50:25-92
128            </intent-filter>
129        </receiver>
130    </application>
131
132</manifest>